[2026-02-26 08:45:18] INFO: 待抓取：0 篇（共 10 篇）
[2026-02-26 08:45:18] INFO: 沒有需要處理的文章
[2026-02-26 08:51:25] INFO: 新增文章到佇列: NotebookLM 的 Podcast 對話生成功能終於支援中文了
[2026-02-26 08:51:25] INFO: 新增文章到佇列: Google 分享最實用的 40 個 AI 使用技巧
[2026-02-26 08:51:25] INFO: 新增文章到佇列: 9 個免費 AI 圖片生成服務 2025 年總整理
[2026-02-26 08:51:25] INFO: 新增文章到佇列: 豆包 AI 助手全攻略：免費圖片生成、影片製作、翻譯搜尋
[2026-02-26 08:51:25] INFO: 新增文章到佇列: 免費 AI 圖片影片工具 AIEASE 每日可免費生成 20 張
[2026-02-26 08:51:25] INFO: 新增文章到佇列: 難以判斷 AI 圖片？Google 的這些工具可以幫助檢視
[2026-02-26 08:51:25] INFO: 新增文章到佇列: 智寫流程：透過 AI 自動捕捉操作步驟並生成圖文說明
[2026-02-26 08:51:25] INFO: 新增文章到佇列: 台灣版的學生方案 Google AI Pro 一年免費體驗
[2026-02-26 08:51:25] INFO: 新增文章到佇列: 生成 AI 工具最新網路流量排行（2025/09）
[2026-02-26 08:51:25] INFO: 新增文章到佇列: 教育部專為國高中小學生設計的 AI 教學手冊免費下載
[2026-02-26 08:51:25] INFO: 待抓取：10 篇（共 20 篇）
[2026-02-26 08:51:25] INFO: --- [1/10] tip_011 ---
[2026-02-26 08:51:25] INFO: [tip_011] 開始抓取: NotebookLM 的 Podcast 對話生成功能終於支援中文了
[2026-02-26 08:51:25] INFO:   URL: https://www.koc.com.tw/archives/596435
[2026-02-26 08:51:28] INFO:   下載圖片: 19 張
[2026-02-26 08:51:28] OK:   完成: NotebookLM_的_Podcast_對話生成功能終於支援中文了趕快來玩玩看/ (MD + 19 圖片)
[2026-02-26 08:51:30] INFO: --- [2/10] tip_012 ---
[2026-02-26 08:51:30] INFO: [tip_012] 開始抓取: Google 分享最實用的 40 個 AI 使用技巧
[2026-02-26 08:51:30] INFO:   URL: https://www.koc.com.tw/archives/624621
[2026-02-26 08:51:31] INFO:   下載圖片: 12 張
[2026-02-26 08:51:31] OK:   完成: Google_分享最實用的_40_個_AI_使用技巧，趕快學起來/ (MD + 12 圖片)
[2026-02-26 08:51:33] INFO: --- [3/10] tip_013 ---
[2026-02-26 08:51:33] INFO: [tip_013] 開始抓取: 9 個免費 AI 圖片生成服務 2025 年總整理
[2026-02-26 08:51:33] INFO:   URL: https://www.koc.com.tw/archives/583125
[2026-02-26 08:51:35] INFO:   下載圖片: 18 張
[2026-02-26 08:51:35] OK:   完成: 9_個免費_AI_圖片生成服務_2025_年總整理/ (MD + 18 圖片)
[2026-02-26 08:51:37] INFO: --- [4/10] tip_014 ---
[2026-02-26 08:51:37] INFO: [tip_014] 開始抓取: 豆包 AI 助手全攻略：免費圖片生成、影片製作、翻譯搜尋
[2026-02-26 08:51:37] INFO:   URL: https://www.koc.com.tw/archives/596254
[2026-02-26 08:51:39] INFO:   下載圖片: 27 張
[2026-02-26 08:51:39] OK:   完成: 豆包_AI_助手全攻略免費圖片生成、影片製作、翻譯搜尋實測分享/ (MD + 27 圖片)
[2026-02-26 08:51:41] INFO: --- [5/10] tip_015 ---
[2026-02-26 08:51:41] INFO: [tip_015] 開始抓取: 免費 AI 圖片影片工具 AIEASE 每日可免費生成 20 張
[2026-02-26 08:51:41] INFO:   URL: https://www.koc.com.tw/archives/595139
[2026-02-26 08:51:43] INFO:   下載圖片: 21 張
[2026-02-26 08:51:43] OK:   完成: 免費_AI_圖片影片工具「AIEASE」每日可免費生成_20_張，效果不輸Midjourney/ (MD + 21 圖片)
[2026-02-26 08:51:45] INFO: --- [6/10] tip_016 ---
[2026-02-26 08:51:45] INFO: [tip_016] 開始抓取: 難以判斷 AI 圖片？Google 的這些工具可以幫助檢視
[2026-02-26 08:51:45] INFO:   URL: https://www.koc.com.tw/archives/601306
[2026-02-26 08:51:46] INFO:   下載圖片: 10 張
[2026-02-26 08:51:46] OK:   完成: 難以判斷_AI_圖片Google_的這些工具可以幫助檢視/ (MD + 10 圖片)
[2026-02-26 08:51:48] INFO: --- [7/10] tip_017 ---
[2026-02-26 08:51:48] INFO: [tip_017] 開始抓取: 智寫流程：透過 AI 自動捕捉操作步驟並生成圖文說明
[2026-02-26 08:51:48] INFO:   URL: https://www.koc.com.tw/archives/620228
[2026-02-26 08:51:51] INFO:   下載圖片: 32 張
[2026-02-26 08:51:51] OK:   完成: 「智寫流程」透過_AI_自動捕捉你在網頁上的每一步操作，並即時生成一份圖_+_文的操作說明/ (MD + 32 圖片)
[2026-02-26 08:51:53] INFO: --- [8/10] tip_018 ---
[2026-02-26 08:51:53] INFO: [tip_018] 開始抓取: 台灣版的學生方案 Google AI Pro 一年免費體驗
[2026-02-26 08:51:53] INFO:   URL: https://www.koc.com.tw/archives/616444
[2026-02-26 08:51:54] INFO:   下載圖片: 8 張
[2026-02-26 08:51:54] OK:   完成: 台灣版的學生方案_Google_AI_Pro_一年免費體驗來了符合資格的快申請/ (MD + 8 圖片)
[2026-02-26 08:51:56] INFO: --- [9/10] tip_019 ---
[2026-02-26 08:51:56] INFO: [tip_019] 開始抓取: 生成 AI 工具最新網路流量排行（2025/09）
[2026-02-26 08:51:56] INFO:   URL: https://www.koc.com.tw/archives/617061
[2026-02-26 08:51:58] INFO:   下載圖片: 11 張
[2026-02-26 08:51:58] OK:   完成: 生成AI工具最新網路流量排行(202509)/ (MD + 11 圖片)
[2026-02-26 08:52:00] INFO: --- [10/10] tip_020 ---
[2026-02-26 08:52:00] INFO: [tip_020] 開始抓取: 教育部專為國高中小學生設計的 AI 教學手冊免費下載
[2026-02-26 08:52:00] INFO:   URL: https://www.koc.com.tw/archives/627315
[2026-02-26 08:52:02] INFO:   下載圖片: 17 張
[2026-02-26 08:52:02] OK:   完成: 教育部專為國高中、小學生設計的「AI_教學手冊」免費下載，透過可愛插圖快樂學習_AI_應用/ (MD + 17 圖片)
[2026-02-26 08:52:02] INFO: === 完成：成功 10，失敗 0，共 10 ===
