2026-02-25 22:09:36,167 INFO ==================================================
2026-02-25 22:09:36,167 INFO YanYu 知識庫建置開始
2026-02-25 22:09:36,167 INFO ==================================================
2026-02-25 22:09:36,167 INFO -- Phase 1: 準備內容 --
2026-02-25 22:09:36,167 INFO 跳過（過大）: 中国法院2014年度案例_保险纠纷.pdf (74.1MB)
2026-02-25 22:09:36,182 INFO 複製: 13、劳动纠纷(含社会保险纠纷)(OCR).pdf -> 2014_13、劳动纠纷(含社会保险纠纷)(OCR).pdf (16.4MB)
2026-02-25 22:09:36,198 INFO 複製: 15、保险纠纷(OCR).pdf -> 2014_15、保险纠纷(OCR).pdf (18.6MB)
2026-02-25 22:09:36,214 INFO 跳過（過大）: 中国法院2015年度案例（15）保险纠纷（291页）.pdf (119.7MB)
2026-02-25 22:09:36,214 INFO 複製: 13 劳动纠纷（含社会保险纠纷）超清对照.pdf -> 2014_13 劳动纠纷（含社会保险纠纷）超清对照.pdf (2.2MB)
2026-02-25 22:09:36,214 INFO 複製: 15 保险纠纷 超高清.pdf -> 2014_15 保险纠纷 超高清.pdf (2.3MB)
2026-02-25 22:09:36,262 INFO 複製: 中国法院2016年度案例  保险纠纷.pdf -> 2014_中国法院2016年度案例  保险纠纷.pdf (46.2MB)
2026-02-25 22:09:36,277 INFO 跳過（過大）: 中国法院2017年度案例 保险.pdf (101.7MB)
2026-02-25 22:09:36,277 INFO 複製: 中国法院2018年度案例·保险纠纷.pdf -> 2014_中国法院2018年度案例·保险纠纷.pdf (1.4MB)
2026-02-25 22:09:36,293 INFO 複製: 2019年度案例：保险纠纷.pdf -> 2014_2019年度案例：保险纠纷.pdf (1.7MB)
2026-02-25 22:09:36,293 INFO 複製: 2020年度案例：保险纠纷.pdf -> 2014_2020年度案例：保险纠纷.pdf (2.2MB)
2026-02-25 22:09:36,309 INFO 複製: 2020年度案例：劳动纠纷（含社会保险纠纷）.pdf -> 2014_2020年度案例：劳动纠纷（含社会保险纠纷）.pdf (1.3MB)
2026-02-25 22:09:36,325 INFO 複製: 中国法院2021年度案例：保险纠纷.pdf -> 2014_中国法院2021年度案例：保险纠纷.pdf (10.6MB)
2026-02-25 22:09:36,345 INFO 複製: 2022年度案例15保险纠纷.pdf -> 2014_2022年度案例15保险纠纷.pdf (17.8MB)
2026-02-25 22:09:36,389 INFO 複製: 15.保险纠纷.pdf -> 2014_15.保险纠纷.pdf (34.0MB)
2026-02-25 22:09:36,389 INFO 判決 PDF: 複製 12, 跳過 3
2026-02-25 22:09:36,389 INFO Prompt: knowledge_base.md (14KB)
2026-02-25 22:09:36,389 INFO Prompt: url_report.md (137KB)
2026-02-25 22:09:36,398 INFO Prompt: compact_digest.md (335KB)
2026-02-25 22:09:36,400 INFO Prompt: rich_digest.md (336KB)
2026-02-25 22:09:36,404 INFO Prompt: related_data.md (3852KB)
2026-02-25 22:09:36,411 INFO Prompt: group_list.md (8KB)
2026-02-25 22:09:36,423 INFO Ebook: prompt_handbook.md (89KB)
2026-02-25 22:09:36,427 INFO Ebook: prompt_handbook_zh.md (164KB)
2026-02-25 22:09:36,452 INFO Ebook: prompt_bible.md (317KB)
2026-02-25 22:09:36,452 INFO Ebook: prompt_guide.md (232KB)
2026-02-25 22:09:36,468 INFO Ebook: prompt_bible.md (544KB)
2026-02-25 22:09:36,484 INFO Ebook: prompt_guide.md (425KB)
2026-02-25 22:09:36,500 INFO Prompt 素材: 12 個
2026-02-25 22:09:36,500 INFO -- Phase 2: 建置網站 --
2026-02-25 22:09:37,290 INFO 建置: 微信文章庫 (47 篇, 332 圖)
2026-02-25 22:09:37,385 INFO 建置: 判決庫 (11 精選 + 12 PDF + 3 過大)
2026-02-25 22:09:40,248 INFO 建置: Prompt 庫 (9 頁面)
2026-02-25 22:09:40,264 INFO 建置: AI 使用技巧（placeholder）
2026-02-25 22:09:40,264 INFO 建置: 首頁 index.html
2026-02-25 22:09:40,264 INFO ==================================================
2026-02-25 22:09:40,264 INFO 完成: 微信47 | 判決26 | Prompt10 | AI技巧0
2026-02-25 22:09:40,264 INFO 日誌: C:\AntiGravityFile\YanYuInc\logs\build_all_20260225_220936.log
