2026-02-25 23:55:45,413 INFO ==================================================
2026-02-25 23:55:45,414 INFO YanYu 知識庫建置開始
2026-02-25 23:55:45,417 INFO ==================================================
2026-02-25 23:55:45,419 INFO -- Phase 1: 準備內容 --
2026-02-25 23:55:45,431 INFO 判決 MD: 2016_中国法院2016年度案例  保险纠纷.md (8KB)
2026-02-25 23:55:45,433 INFO 判決 MD: 2018_中国法院2018年度案例·保险纠纷.md (582KB)
2026-02-25 23:55:45,435 INFO 判決 MD: 2019_2019年度案例：保险纠纷.md (657KB)
2026-02-25 23:55:45,437 INFO 判決 MD: 2020_2020年度案例：保险纠纷.md (556KB)
2026-02-25 23:55:45,457 INFO 判決 MD: 2020_2020年度案例：劳动纠纷（含社会保险纠纷）.md (519KB)
2026-02-25 23:55:45,459 INFO 判決 MD: 2022_2022年度案例15保险纠纷.md (515KB)
2026-02-25 23:55:45,461 INFO 判決 MD: 2023_13、劳动纠纷(含社会保险纠纷)(OCR).md (515KB)
2026-02-25 23:55:45,464 INFO 判決 MD: 2023_15、保险纠纷(OCR).md (572KB)
2026-02-25 23:55:45,465 INFO 判決 MD: 2025_13 劳动纠纷（含社会保险纠纷）超清对照.md (721KB)
2026-02-25 23:55:45,466 INFO 判決 MD: 2025_15 保险纠纷 超高清.md (837KB)
2026-02-25 23:55:45,467 INFO 判決: 10 個已轉換, 5 個無法提取
2026-02-25 23:55:45,472 INFO Prompt: knowledge_base.md (14KB)
2026-02-25 23:55:45,481 INFO Prompt: url_report.md (137KB)
2026-02-25 23:55:45,482 INFO Prompt: compact_digest.md (335KB)
2026-02-25 23:55:45,483 INFO Prompt: rich_digest.md (336KB)
2026-02-25 23:55:45,484 INFO Prompt: related_data.md (3852KB)
2026-02-25 23:55:45,486 INFO Prompt: group_list.md (8KB)
2026-02-25 23:55:46,496 INFO Ebook: prompt_handbook.md (89KB)
2026-02-25 23:55:46,497 INFO Ebook: prompt_handbook_zh.md (164KB)
2026-02-25 23:55:46,497 INFO Ebook: prompt_bible.md (544KB)
2026-02-25 23:55:46,498 INFO Ebook: prompt_guide.md (425KB)
2026-02-25 23:55:46,498 INFO Prompt 素材: 10 個
2026-02-25 23:55:46,498 INFO -- Phase 2: 建置網站 --
2026-02-25 23:55:48,513 INFO 建置: 微信文章庫 (47 篇, 332 圖)
2026-02-25 23:55:50,955 INFO 建置: 判決庫 (11 精選 + 10 年度案例 + 5 無法提取)
2026-02-25 23:56:04,698 INFO 建置: Prompt 庫 (661 YAML + 9 資源頁)
2026-02-25 23:56:05,010 INFO 建置: AI 使用技巧 (10 篇, 177 圖)
2026-02-25 23:56:05,015 INFO 建置: 首頁 index.html
2026-02-25 23:56:05,015 INFO ==================================================
2026-02-25 23:56:05,015 INFO 完成: 微信47 | 判決26 | Prompt671 | AI技巧10
2026-02-25 23:56:05,016 INFO 日誌: C:\AntiGravityFile\YanYuInc\logs\build_all_20260225_235545.log
