2026-02-25 22:46:42,282 INFO ==================================================
2026-02-25 22:46:42,282 INFO YanYu 知識庫建置開始
2026-02-25 22:46:42,282 INFO ==================================================
2026-02-25 22:46:42,282 INFO -- Phase 1: 準備內容 --
2026-02-25 22:46:42,295 INFO 跳過（過大）: 中国法院2014年度案例_保险纠纷.pdf (74.1MB)
2026-02-25 22:46:42,342 INFO 複製: 13、劳动纠纷(含社会保险纠纷)(OCR).pdf -> 2023_13、劳动纠纷(含社会保险纠纷)(OCR).pdf (16.4MB)
2026-02-25 22:46:42,379 INFO 複製: 15、保险纠纷(OCR).pdf -> 2023_15、保险纠纷(OCR).pdf (18.6MB)
2026-02-25 22:46:42,380 INFO 跳過（過大）: 中国法院2015年度案例（15）保险纠纷（291页）.pdf (119.7MB)
2026-02-25 22:46:42,399 INFO 複製: 13 劳动纠纷（含社会保险纠纷）超清对照.pdf -> 2025_13 劳动纠纷（含社会保险纠纷）超清对照.pdf (2.2MB)
2026-02-25 22:46:42,411 INFO 複製: 15 保险纠纷 超高清.pdf -> 2025_15 保险纠纷 超高清.pdf (2.3MB)
2026-02-25 22:46:42,512 INFO 複製: 中国法院2016年度案例  保险纠纷.pdf -> 2016_中国法院2016年度案例  保险纠纷.pdf (46.2MB)
2026-02-25 22:46:42,516 INFO 跳過（過大）: 中国法院2017年度案例 保险.pdf (101.7MB)
2026-02-25 22:46:42,527 INFO 複製: 中国法院2018年度案例·保险纠纷.pdf -> 2018_中国法院2018年度案例·保险纠纷.pdf (1.4MB)
2026-02-25 22:46:42,543 INFO 複製: 2019年度案例：保险纠纷.pdf -> 2019_2019年度案例：保险纠纷.pdf (1.7MB)
2026-02-25 22:46:42,561 INFO 複製: 2020年度案例：保险纠纷.pdf -> 2020_2020年度案例：保险纠纷.pdf (2.2MB)
2026-02-25 22:46:42,569 INFO 複製: 2020年度案例：劳动纠纷（含社会保险纠纷）.pdf -> 2020_2020年度案例：劳动纠纷（含社会保险纠纷）.pdf (1.3MB)
2026-02-25 22:46:42,607 INFO 複製: 中国法院2021年度案例：保险纠纷.pdf -> 2021_中国法院2021年度案例：保险纠纷.pdf (10.6MB)
2026-02-25 22:46:42,661 INFO 複製: 2022年度案例15保险纠纷.pdf -> 2022_2022年度案例15保险纠纷.pdf (17.8MB)
2026-02-25 22:46:42,729 INFO 複製: 15.保险纠纷.pdf -> 2024_15.保险纠纷.pdf (34.0MB)
2026-02-25 22:46:42,729 INFO 判決 PDF: 複製 12, 跳過 3
2026-02-25 22:46:42,734 INFO Prompt: knowledge_base.md (14KB)
2026-02-25 22:46:42,738 INFO Prompt: url_report.md (137KB)
2026-02-25 22:46:42,739 INFO Prompt: compact_digest.md (335KB)
2026-02-25 22:46:42,739 INFO Prompt: rich_digest.md (336KB)
2026-02-25 22:46:42,740 INFO Prompt: related_data.md (3852KB)
2026-02-25 22:46:42,741 INFO Prompt: group_list.md (8KB)
2026-02-25 22:46:43,166 INFO Ebook: prompt_handbook.md (89KB)
2026-02-25 22:46:43,166 INFO Ebook: prompt_handbook_zh.md (164KB)
2026-02-25 22:46:43,166 INFO Ebook: prompt_bible.md (544KB)
2026-02-25 22:46:43,166 INFO Ebook: prompt_guide.md (425KB)
2026-02-25 22:46:43,166 INFO Prompt 素材: 10 個
2026-02-25 22:46:43,166 INFO -- Phase 2: 建置網站 --
2026-02-25 22:46:44,326 INFO 建置: 微信文章庫 (47 篇, 332 圖)
2026-02-25 22:46:44,424 INFO 建置: 判決庫 (11 精選 + 12 PDF + 3 過大)
2026-02-25 22:46:46,926 INFO 建置: Prompt 庫 (9 頁面)
2026-02-25 22:46:46,926 INFO 建置: AI 使用技巧（placeholder）
2026-02-25 22:46:46,931 INFO 建置: 首頁 index.html
2026-02-25 22:46:46,931 INFO ==================================================
2026-02-25 22:46:46,931 INFO 完成: 微信47 | 判決26 | Prompt10 | AI技巧0
2026-02-25 22:46:46,931 INFO 日誌: C:\AntiGravityFile\YanYuInc\logs\build_all_20260225_224642.log
