2026-02-26 08:55:08,274 INFO ==================================================
2026-02-26 08:55:08,276 INFO YanYu 知識庫建置開始
2026-02-26 08:55:08,276 INFO ==================================================
2026-02-26 08:55:08,277 INFO -- Phase 1: 準備內容 --
2026-02-26 08:55:08,285 INFO 判決 MD: 2016_中国法院2016年度案例  保险纠纷.md (8KB)
2026-02-26 08:55:08,285 INFO 判決 MD: 2018_中国法院2018年度案例·保险纠纷.md (582KB)
2026-02-26 08:55:08,286 INFO 判決 MD: 2019_2019年度案例：保险纠纷.md (657KB)
2026-02-26 08:55:08,286 INFO 判決 MD: 2020_2020年度案例：保险纠纷.md (556KB)
2026-02-26 08:55:08,287 INFO 判決 MD: 2020_2020年度案例：劳动纠纷（含社会保险纠纷）.md (519KB)
2026-02-26 08:55:08,288 INFO 判決 MD: 2021_中国法院2021年度案例：保险纠纷.md (473KB)
2026-02-26 08:55:08,288 INFO 判決 MD: 2022_2022年度案例15保险纠纷.md (515KB)
2026-02-26 08:55:08,288 INFO 判決 MD: 2023_13、劳动纠纷(含社会保险纠纷)(OCR).md (515KB)
2026-02-26 08:55:08,289 INFO 判決 MD: 2023_15、保险纠纷(OCR).md (572KB)
2026-02-26 08:55:08,290 INFO 判決 MD: 2024_15.保险纠纷.md (682KB)
2026-02-26 08:55:08,291 INFO 判決 MD: 2025_13 劳动纠纷（含社会保险纠纷）超清对照.md (721KB)
2026-02-26 08:55:08,292 INFO 判決 MD: 2025_15 保险纠纷 超高清.md (837KB)
2026-02-26 08:55:08,294 INFO 判決: 12 個已轉換, 3 個無法提取
2026-02-26 08:55:08,299 INFO Prompt: knowledge_base.md (14KB)
2026-02-26 08:55:08,300 INFO Prompt: url_report.md (137KB)
2026-02-26 08:55:08,301 INFO Prompt: compact_digest.md (335KB)
2026-02-26 08:55:08,301 INFO Prompt: rich_digest.md (336KB)
2026-02-26 08:55:08,301 INFO Prompt: related_data.md (3852KB)
2026-02-26 08:55:08,302 INFO Prompt: group_list.md (8KB)
2026-02-26 08:55:09,113 INFO Ebook: prompt_handbook.md (89KB)
2026-02-26 08:55:09,113 INFO Ebook: prompt_handbook_zh.md (164KB)
2026-02-26 08:55:09,114 INFO Ebook: prompt_bible.md (544KB)
2026-02-26 08:55:09,115 INFO Ebook: prompt_guide.md (425KB)
2026-02-26 08:55:09,115 INFO Prompt 素材: 10 個
2026-02-26 08:55:09,116 INFO -- Phase 2: 建置網站 --
2026-02-26 08:55:11,147 INFO 建置: 微信文章庫 (47 篇, 332 圖)
2026-02-26 08:55:17,332 INFO 建置: 判決庫 (11 精選 + 606 年度案例)
2026-02-26 08:55:25,951 INFO 建置: Prompt 庫 (661 YAML + 9 資源頁)
2026-02-26 08:55:26,224 INFO 建置: AI 使用技巧 (20 篇, 352 圖)
2026-02-26 08:55:26,248 INFO 建置: AI 心得社群分享 (22 repos, 74 討論)
2026-02-26 08:55:26,250 INFO 建置: 首頁 index.html
2026-02-26 08:55:26,250 INFO ==================================================
2026-02-26 08:55:26,250 INFO 完成: 微信47 | 判決617 | Prompt671 | AI技巧20 | 社群22
2026-02-26 08:55:26,250 INFO 日誌: C:\AntiGravityFile\YanYuInc\logs\build_all_20260226_085508.log
