2026-02-26 02:50:24,990 INFO ==================================================
2026-02-26 02:50:24,990 INFO YanYu 知識庫建置開始
2026-02-26 02:50:24,990 INFO ==================================================
2026-02-26 02:50:24,991 INFO -- Phase 1: 準備內容 --
2026-02-26 02:50:24,994 INFO 判決 MD: 2016_中国法院2016年度案例  保险纠纷.md (8KB)
2026-02-26 02:50:24,994 INFO 判決 MD: 2018_中国法院2018年度案例·保险纠纷.md (582KB)
2026-02-26 02:50:24,994 INFO 判決 MD: 2019_2019年度案例：保险纠纷.md (657KB)
2026-02-26 02:50:24,994 INFO 判決 MD: 2020_2020年度案例：保险纠纷.md (556KB)
2026-02-26 02:50:24,995 INFO 判決 MD: 2020_2020年度案例：劳动纠纷（含社会保险纠纷）.md (519KB)
2026-02-26 02:50:24,995 INFO 判決 MD: 2021_中国法院2021年度案例：保险纠纷.md (473KB)
2026-02-26 02:50:24,995 INFO 判決 MD: 2022_2022年度案例15保险纠纷.md (515KB)
2026-02-26 02:50:24,995 INFO 判決 MD: 2023_13、劳动纠纷(含社会保险纠纷)(OCR).md (515KB)
2026-02-26 02:50:24,995 INFO 判決 MD: 2023_15、保险纠纷(OCR).md (572KB)
2026-02-26 02:50:24,995 INFO 判決 MD: 2024_15.保险纠纷.md (682KB)
2026-02-26 02:50:24,995 INFO 判決 MD: 2025_13 劳动纠纷（含社会保险纠纷）超清对照.md (721KB)
2026-02-26 02:50:24,996 INFO 判決 MD: 2025_15 保险纠纷 超高清.md (837KB)
2026-02-26 02:50:24,996 INFO 判決: 12 個已轉換, 3 個無法提取
2026-02-26 02:50:24,999 INFO Prompt: knowledge_base.md (14KB)
2026-02-26 02:50:25,000 INFO Prompt: url_report.md (137KB)
2026-02-26 02:50:25,001 INFO Prompt: compact_digest.md (335KB)
2026-02-26 02:50:25,001 INFO Prompt: rich_digest.md (336KB)
2026-02-26 02:50:25,002 INFO Prompt: related_data.md (3852KB)
2026-02-26 02:50:25,003 INFO Prompt: group_list.md (8KB)
2026-02-26 02:50:25,440 INFO Ebook: prompt_handbook.md (89KB)
2026-02-26 02:50:25,441 INFO Ebook: prompt_handbook_zh.md (164KB)
2026-02-26 02:50:25,442 INFO Ebook: prompt_bible.md (544KB)
2026-02-26 02:50:25,442 INFO Ebook: prompt_guide.md (425KB)
2026-02-26 02:50:25,442 INFO Prompt 素材: 10 個
2026-02-26 02:50:25,442 INFO -- Phase 2: 建置網站 --
2026-02-26 02:50:26,318 INFO 建置: 微信文章庫 (47 篇, 332 圖)
2026-02-26 02:50:35,289 INFO 建置: 判決庫 (11 精選 + 12 年度案例 + 3 無法提取)
2026-02-26 02:51:04,536 INFO 建置: Prompt 庫 (661 YAML + 9 資源頁)
2026-02-26 02:51:05,093 INFO 建置: AI 使用技巧 (10 篇, 177 圖)
2026-02-26 02:51:05,104 INFO 建置: 首頁 index.html
2026-02-26 02:51:05,105 INFO ==================================================
2026-02-26 02:51:05,111 INFO 完成: 微信47 | 判決26 | Prompt671 | AI技巧10
2026-02-26 02:51:05,111 INFO 日誌: C:\AntiGravityFile\YanYuInc\logs\build_all_20260226_025024.log
