2026-02-25 22:59:37,173 INFO ==================================================
2026-02-25 22:59:37,173 INFO 判決 PDF 轉換開始
2026-02-25 22:59:37,173 INFO ==================================================
2026-02-25 22:59:37,214 INFO   開始提取: 中国法院2014年度案例_保险纠纷.pdf (245 頁)
2026-02-25 22:59:37,399 INFO   完成: 245 頁, 245 空頁, 0KB 文字
2026-02-25 22:59:37,412 INFO   開始提取: 13、劳动纠纷(含社会保险纠纷)(OCR).pdf (252 頁)
2026-02-25 22:59:38,722 INFO   完成: 252 頁, 0 空頁, 182KB 文字
2026-02-25 22:59:38,732 INFO   開始提取: 15、保险纠纷(OCR).pdf (278 頁)
2026-02-25 22:59:39,905 INFO   完成: 278 頁, 1 空頁, 201KB 文字
2026-02-25 22:59:39,961 INFO   開始提取: 中国法院2015年度案例（15）保险纠纷（291页）.pdf (291 頁)
2026-02-25 22:59:40,238 INFO   完成: 291 頁, 291 空頁, 0KB 文字
2026-02-25 22:59:40,270 INFO   開始提取: 13 劳动纠纷（含社会保险纠纷）超清对照.pdf (387 頁)
2026-02-25 22:59:41,669 INFO   完成: 387 頁, 0 空頁, 257KB 文字
2026-02-25 22:59:41,715 INFO   開始提取: 15 保险纠纷 超高清.pdf (414 頁)
2026-02-25 22:59:43,180 INFO   完成: 414 頁, 0 空頁, 294KB 文字
2026-02-25 22:59:43,210 INFO   開始提取: 中国法院2016年度案例  保险纠纷.pdf (272 頁)
2026-02-25 22:59:43,725 INFO   完成: 272 頁, 225 空頁, 3KB 文字
2026-02-25 22:59:43,835 INFO   開始提取: 中国法院2017年度案例 保险.pdf (266 頁)
2026-02-25 22:59:44,065 INFO   完成: 266 頁, 266 空頁, 0KB 文字
2026-02-25 22:59:44,106 INFO   開始提取: 中国法院2018年度案例·保险纠纷.pdf (276 頁)
2026-02-25 22:59:44,678 INFO   完成: 276 頁, 1 空頁, 203KB 文字
2026-02-25 22:59:44,714 INFO   開始提取: 2019年度案例：保险纠纷.pdf (357 頁)
2026-02-25 22:59:45,874 INFO   完成: 357 頁, 2 空頁, 235KB 文字
2026-02-25 22:59:45,932 INFO   開始提取: 2020年度案例：保险纠纷.pdf (324 頁)
2026-02-25 22:59:46,703 INFO   完成: 324 頁, 3 空頁, 194KB 文字
2026-02-25 22:59:46,761 INFO   開始提取: 2020年度案例：劳动纠纷（含社会保险纠纷）.pdf (327 頁)
2026-02-25 22:59:47,487 INFO   完成: 327 頁, 2 空頁, 182KB 文字
2026-02-25 22:59:47,502 INFO   開始提取: 中国法院2021年度案例：保险纠纷.pdf (224 頁)
2026-02-25 22:59:47,788 INFO   完成: 224 頁, 208 空頁, 0KB 文字
2026-02-25 22:59:47,793 INFO   開始提取: 2022年度案例15保险纠纷.pdf (246 頁)
2026-02-25 22:59:50,013 INFO   完成: 246 頁, 0 空頁, 182KB 文字
2026-02-25 22:59:50,066 INFO   開始提取: 15.保险纠纷.pdf (324 頁)
2026-02-25 22:59:50,667 INFO   完成: 324 頁, 313 空頁, 0KB 文字
2026-02-25 22:59:50,667 INFO ==================================================
2026-02-25 22:59:50,667 INFO 完成: 15/15 成功轉換
2026-02-25 22:59:50,667 INFO   2014_中国法院2014年度案例_保险纠纷.md (245頁, 0.1KB)
2026-02-25 22:59:50,667 INFO   2023_13、劳动纠纷(含社会保险纠纷)(OCR).md (252頁, 181.8KB)
2026-02-25 22:59:50,667 INFO   2023_15、保险纠纷(OCR).md (278頁, 200.7KB)
2026-02-25 22:59:50,667 INFO   2015_中国法院2015年度案例（15）保险纠纷（291页）.md (291頁, 0.1KB)
2026-02-25 22:59:50,667 INFO   2025_13 劳动纠纷（含社会保险纠纷）超清对照.md (387頁, 257.1KB)
2026-02-25 22:59:50,667 INFO   2025_15 保险纠纷 超高清.md (414頁, 293.8KB)
2026-02-25 22:59:50,667 INFO   2016_中国法院2016年度案例  保险纠纷.md (272頁, 3.2KB)
2026-02-25 22:59:50,667 INFO   2017_中国法院2017年度案例 保险.md (266頁, 0.1KB)
2026-02-25 22:59:50,667 INFO   2018_中国法院2018年度案例·保险纠纷.md (276頁, 203.4KB)
2026-02-25 22:59:50,667 INFO   2019_2019年度案例：保险纠纷.md (357頁, 235.2KB)
2026-02-25 22:59:50,667 INFO   2020_2020年度案例：保险纠纷.md (324頁, 194.0KB)
2026-02-25 22:59:50,667 INFO   2020_2020年度案例：劳动纠纷（含社会保险纠纷）.md (327頁, 182.3KB)
2026-02-25 22:59:50,667 INFO   2021_中国法院2021年度案例：保险纠纷.md (224頁, 0.4KB)
2026-02-25 22:59:50,667 INFO   2022_2022年度案例15保险纠纷.md (246頁, 182.2KB)
2026-02-25 22:59:50,667 INFO   2024_15.保险纠纷.md (324頁, 0.3KB)
2026-02-25 22:59:50,667 INFO 日誌: C:\AntiGravityFile\YanYuInc\logs\convert_judgments_20260225_225937.log
